+git add .
Undefined command: "git".  Try "help".
+git commit -m "committed 2/26/2024, 8:40:11 PM"
Undefined command: "git".  Try "help".
+git push
Undefined command: "git".  Try "help".
+git add .
Undefined command: "git".  Try "help".
+git commit -m "committed 2/26/2024, 8:42:48 PM"
Undefined command: "git".  Try "help".
+git push
Undefined command: "git".  Try "help".
+cd "c:\Users\HP\c_activity_sets1\set01"
"c:\Users\HP\c_activity_sets1\set01": Invalid argument.
+gcc -g "c:\Users\HP\c_activity_sets1\set01\problem05.c" -o "c:\Users\HP\c_activity_sets1\set01\problem05.exe" 2>&1
Undefined command: "gcc".  Try "help".
+"c:\Users\HP\c_activity_sets1\set01\problem05.exe"
Undefined command: "".  Try "help".
+cd "c:\Users\HP\c_activity_sets1\set01"
"c:\Users\HP\c_activity_sets1\set01": Invalid argument.
+gdb ./problem05
Undefined command: "gdb".  Try "help".
+c
The program is not being run.
+set logging file problem05_debug.log
+set logging enabled on
Undefined set logging command: "enabled on".  Try "help set logging".
+set logging on
Already logging to problem04_debug.log.
+set trace-commands on
