+q
+l
1	#include<stdio.h>
2	int input();
3	int add(int a, int b);
4	void output(int a, int b, int sum);
5	
6	int main()
7	{
8	    int num1,num2,result;
9	    num1=input();
10	    num2=input();
+l
11	    result=add(num1,num2);
12	    output(num1,num2,result);
13	    return 0;
14	}
15	
16	int input()
17	{
18	    int num;
19	    printf("enter a number;\n");
20	    scanf("%d",&num);
+l
21	    return num;
22	}
23	
24	int add(int a, int b)
25	{
26	    int sum;
27	    sum=a+b;
28	    return sum;
29	}
30	
+l
31	void output(int a,int b,int sum)
32	{
33	    printf("The sum of %d and %d is %d\n",a,b,sum);
34	}+l
Line number 35 out of range; c:\Users\HP\c_activity_sets1\set01\problem03.c has 34 lines.
+r
Starting program: c:\Users\HP\c_activity_sets1\set01/./problem03.exe 
[New Thread 12732.0x3fc4]
[New Thread 12732.0x58d8]
[Inferior 1 (process 12732) exited normally]
+q
